<?xml version="1.0" encoding="UTF-8"?>
<!-- Generated by org.testng.reporters.JUnitXMLReporter -->
<testsuite hostname="DESKTOP-NIHEK5O" ignored="1" name="testing" tests="2" failures="0" timestamp="27 Aug 2017 12:56:04 GMT" time="0.04" errors="0">
  <testcase name="parameterIntTest" time="0.01" classname="edu.com.test.TestNGTest6"/>
  <testcase name="divisionWithException1" time="0.002" classname="edu.com.test.TestNGTest2"/>
  <testcase name="divisionWithException" time="0.0" classname="edu.com.test.TestNGTest2">
    <ignored/>
  </testcase> <!-- divisionWithException -->
</testsuite> <!-- testing -->
