<?xml version="1.0" encoding="UTF-8"?>
<!-- Generated by org.testng.reporters.JUnitXMLReporter -->
<testsuite hostname="PETYAggg-PC" ignored="0" name="Test" tests="12" failures="0" timestamp="13 вер. 2017 20:08:15 GMT" time="139.201" errors="0">
  <testcase name="testClearButton" time="2.349" classname="tests.selenium.ATQCQ159"/>
  <testcase name="testCreateCommunity" time="1.459" classname="tests.selenium.ATQCQ158"/>
  <testcase name="testCreateCommunity" time="1.37" classname="tests.selenium.ATQCQ158"/>
  <testcase name="testCreateCommunity" time="1.376" classname="tests.selenium.ATQCQ158"/>
  <testcase name="testCreateCommunity" time="1.415" classname="tests.selenium.ATQCQ158"/>
  <testcase name="testCreationWithSameName" time="3.654" classname="tests.selenium.ATQCQ157"/>
  <testcase name="invalidRegistrationNumber" time="4.919" classname="tests.selenium.ATQCQ122"/>
  <testcase name="invalidRegistrationNumber" time="4.933" classname="tests.selenium.ATQCQ122"/>
  <testcase name="invalidRegistrationNumber" time="4.961" classname="tests.selenium.ATQCQ122"/>
  <testcase name="invalidRegistrationNumber" time="5.02" classname="tests.selenium.ATQCQ122"/>
  <testcase name="invalidRegistrationNumber" time="4.909" classname="tests.selenium.ATQCQ122"/>
  <testcase name="invalidRegistrationNumber" time="4.922" classname="tests.selenium.ATQCQ122"/>
</testsuite> <!-- Test -->
