<?xml version="1.0" encoding="UTF-8"?>
<!-- Generated by org.testng.reporters.JUnitXMLReporter -->
<testsuite hostname="PETYAggg-PC" ignored="0" name="Test" tests="11" failures="0" timestamp="12 вер. 2017 16:12:01 GMT" time="148.877" errors="0">
  <testcase name="testClearButton" time="2.795" classname="tests.selenium.ATQCQ159"/>
  <testcase name="testCreateCommunity" time="1.539" classname="tests.selenium.ATQCQ158"/>
  <testcase name="testCreateCommunity" time="1.478" classname="tests.selenium.ATQCQ158"/>
  <testcase name="testCreateCommunity" time="1.801" classname="tests.selenium.ATQCQ158"/>
  <testcase name="testCreateCommunity" time="1.75" classname="tests.selenium.ATQCQ158"/>
  <testcase name="testCreationWithSameName" time="4.593" classname="tests.selenium.ATQCQ157"/>
  <testcase name="invalidRegistrationNumber" time="9.391" classname="tests.selenium.ATQCQ122"/>
  <testcase name="invalidRegistrationNumber" time="9.17" classname="tests.selenium.ATQCQ122"/>
  <testcase name="invalidRegistrationNumber" time="8.973" classname="tests.selenium.ATQCQ122"/>
  <testcase name="invalidRegistrationNumber" time="9.307" classname="tests.selenium.ATQCQ122"/>
  <testcase name="invalidRegistrationNumber" time="8.845" classname="tests.selenium.ATQCQ122"/>
</testsuite> <!-- Test -->
