<?xml version="1.0" encoding="UTF-8"?>
<!-- Generated by org.testng.reporters.JUnitXMLReporter -->
<testsuite hostname="Cinder" ignored="0" name="Default test" tests="7" failures="0" timestamp="05 вер. 2017 19:50:02 GMT" time="0.106" errors="0">
  <testcase name="testIsPrime" time="0.027" classname="edu.com.task.book.Task559Test"/>
  <testcase name="testIsPrime" time="0.004" classname="edu.com.task.book.Task559Test"/>
  <testcase name="testIsPrime" time="0.001" classname="edu.com.task.book.Task559Test"/>
  <testcase name="testIsPrime" time="0.002" classname="edu.com.task.book.Task559Test"/>
  <testcase name="testMersennePrimes" time="0.004" classname="edu.com.task.book.Task559Test"/>
  <testcase name="testMersennePrimes" time="0.012" classname="edu.com.task.book.Task559Test"/>
  <testcase name="testMersennePrimes" time="0.002" classname="edu.com.task.book.Task559Test"/>
</testsuite> <!-- Default test -->
