<?xml version="1.0" encoding="UTF-8"?>
<!-- Generated by org.testng.reporters.JUnitXMLReporter -->
<testsuite hostname="DESKTOP-JTO9J50" ignored="0" name="Default test" tests="2" failures="0" timestamp="11 вер. 2017 10:20:11 GMT" time="18.415" errors="0">
  <testcase name="testHaveClassToday" time="0.704" classname="com.example.selenium.ide.tests.ScheduleTest"/>
  <testcase name="testScheduleAtqcGroup" time="0.027" classname="com.example.selenium.ide.tests.ScheduleTest"/>
</testsuite> <!-- Default test -->
