<?xml version="1.0" encoding="UTF-8"?>
<!-- Generated by org.testng.reporters.JUnitXMLReporter -->
<testsuite hostname="DESKTOP-NIHEK5O" ignored="2" name="testing" tests="2" failures="0" timestamp="27 Aug 2017 12:27:00 GMT" time="0.057" errors="0">
  <testcase name="testingMethod1" time="0.021" classname="edu.com.test.TestNGTest5"/>
  <testcase name="testingMethod1_1" time="0.005" classname="edu.com.test.TestNGTest5"/>
  <testcase name="testingMethod4" time="0.0" classname="edu.com.test.TestNGTest5">
    <ignored/>
  </testcase> <!-- testingMethod4 -->
  <testcase name="testingMethod2" time="0.0" classname="edu.com.test.TestNGTest5">
    <ignored/>
  </testcase> <!-- testingMethod2 -->
</testsuite> <!-- testing -->
